[24-May-2025 04:37:58 Europe/Berlin] PHP Notice:  session_start(): Ignoring session_start() because a session is already active in C:\xampp\htdocs\basic_crud_app\login.php on line 3
[24-May-2025 04:37:58 Europe/Berlin] PHP Notice:  session_start(): Ignoring session_start() because a session is already active in C:\xampp\htdocs\basic_crud_app\read_posts.php on line 3
[24-May-2025 04:38:01 Europe/Berlin] PHP Notice:  session_start(): Ignoring session_start() because a session is already active in C:\xampp\htdocs\basic_crud_app\logout.php on line 6
[24-May-2025 04:38:01 Europe/Berlin] PHP Notice:  session_start(): Ignoring session_start() because a session is already active in C:\xampp\htdocs\basic_crud_app\login.php on line 3
[24-May-2025 04:38:18 Europe/Berlin] PHP Notice:  session_start(): Ignoring session_start() because a session is already active in C:\xampp\htdocs\basic_crud_app\login.php on line 3
[24-May-2025 04:38:18 Europe/Berlin] PHP Notice:  session_start(): Ignoring session_start() because a session is already active in C:\xampp\htdocs\basic_crud_app\read_posts.php on line 3
[24-May-2025 04:38:22 Europe/Berlin] PHP Notice:  session_start(): Ignoring session_start() because a session is already active in C:\xampp\htdocs\basic_crud_app\delete_post.php on line 3
[24-May-2025 04:38:24 Europe/Berlin] PHP Notice:  session_start(): Ignoring session_start() because a session is already active in C:\xampp\htdocs\basic_crud_app\delete_post.php on line 3
[24-May-2025 04:38:24 Europe/Berlin] PHP Notice:  session_start(): Ignoring session_start() because a session is already active in C:\xampp\htdocs\basic_crud_app\read_posts.php on line 3
[24-May-2025 04:38:26 Europe/Berlin] PHP Notice:  session_start(): Ignoring session_start() because a session is already active in C:\xampp\htdocs\basic_crud_app\create_post.php on line 3
[24-May-2025 04:39:17 Europe/Berlin] PHP Notice:  session_start(): Ignoring session_start() because a session is already active in C:\xampp\htdocs\basic_crud_app\create_post.php on line 3
[24-May-2025 04:39:19 Europe/Berlin] PHP Notice:  session_start(): Ignoring session_start() because a session is already active in C:\xampp\htdocs\basic_crud_app\read_posts.php on line 3
[24-May-2025 04:39:24 Europe/Berlin] PHP Notice:  session_start(): Ignoring session_start() because a session is already active in C:\xampp\htdocs\basic_crud_app\create_post.php on line 3
[24-May-2025 04:40:11 Europe/Berlin] PHP Notice:  session_start(): Ignoring session_start() because a session is already active in C:\xampp\htdocs\basic_crud_app\create_post.php on line 3
[24-May-2025 04:40:13 Europe/Berlin] PHP Notice:  session_start(): Ignoring session_start() because a session is already active in C:\xampp\htdocs\basic_crud_app\read_posts.php on line 3
[24-May-2025 04:40:29 Europe/Berlin] PHP Notice:  session_start(): Ignoring session_start() because a session is already active in C:\xampp\htdocs\basic_crud_app\read_posts.php on line 3
[24-May-2025 04:40:30 Europe/Berlin] PHP Notice:  session_start(): Ignoring session_start() because a session is already active in C:\xampp\htdocs\basic_crud_app\read_posts.php on line 3
[24-May-2025 04:40:37 Europe/Berlin] PHP Notice:  session_start(): Ignoring session_start() because a session is already active in C:\xampp\htdocs\basic_crud_app\read_posts.php on line 3
[24-May-2025 04:40:39 Europe/Berlin] PHP Notice:  session_start(): Ignoring session_start() because a session is already active in C:\xampp\htdocs\basic_crud_app\read_posts.php on line 3
[24-May-2025 04:40:48 Europe/Berlin] PHP Notice:  session_start(): Ignoring session_start() because a session is already active in C:\xampp\htdocs\basic_crud_app\read_posts.php on line 3
[24-May-2025 04:40:51 Europe/Berlin] PHP Notice:  session_start(): Ignoring session_start() because a session is already active in C:\xampp\htdocs\basic_crud_app\read_posts.php on line 3
[24-May-2025 04:40:53 Europe/Berlin] PHP Notice:  session_start(): Ignoring session_start() because a session is already active in C:\xampp\htdocs\basic_crud_app\logout.php on line 6
[24-May-2025 04:40:53 Europe/Berlin] PHP Notice:  session_start(): Ignoring session_start() because a session is already active in C:\xampp\htdocs\basic_crud_app\login.php on line 3
[24-May-2025 04:41:20 Europe/Berlin] PHP Notice:  session_start(): Ignoring session_start() because a session is already active in C:\xampp\htdocs\basic_crud_app\login.php on line 3
[24-May-2025 04:41:20 Europe/Berlin] PHP Notice:  session_start(): Ignoring session_start() because a session is already active in C:\xampp\htdocs\basic_crud_app\login.php on line 3
[24-May-2025 04:42:11 Europe/Berlin] PHP Notice:  session_start(): Ignoring session_start() because a session is already active in C:\xampp\htdocs\basic_crud_app\login.php on line 3
[24-May-2025 04:42:11 Europe/Berlin] PHP Notice:  session_start(): Ignoring session_start() because a session is already active in C:\xampp\htdocs\basic_crud_app\login.php on line 3
[24-May-2025 04:42:23 Europe/Berlin] PHP Notice:  session_start(): Ignoring session_start() because a session is already active in C:\xampp\htdocs\basic_crud_app\login.php on line 3
[24-May-2025 04:42:23 Europe/Berlin] PHP Notice:  session_start(): Ignoring session_start() because a session is already active in C:\xampp\htdocs\basic_crud_app\login.php on line 3
[24-May-2025 04:43:17 Europe/Berlin] PHP Notice:  session_start(): Ignoring session_start() because a session is already active in C:\xampp\htdocs\basic_crud_app\register.php on line 3
[24-May-2025 04:43:31 Europe/Berlin] PHP Notice:  session_start(): Ignoring session_start() because a session is already active in C:\xampp\htdocs\basic_crud_app\register.php on line 3
[24-May-2025 04:43:32 Europe/Berlin] PHP Notice:  session_start(): Ignoring session_start() because a session is already active in C:\xampp\htdocs\basic_crud_app\login.php on line 3
[24-May-2025 04:43:58 Europe/Berlin] PHP Notice:  session_start(): Ignoring session_start() because a session is already active in C:\xampp\htdocs\basic_crud_app\login.php on line 3
[24-May-2025 04:43:58 Europe/Berlin] PHP Notice:  session_start(): Ignoring session_start() because a session is already active in C:\xampp\htdocs\basic_crud_app\read_posts.php on line 3
[24-May-2025 04:44:29 Europe/Berlin] PHP Notice:  session_start(): Ignoring session_start() because a session is already active in C:\xampp\htdocs\basic_crud_app\read_posts.php on line 3
[24-May-2025 04:44:31 Europe/Berlin] PHP Notice:  session_start(): Ignoring session_start() because a session is already active in C:\xampp\htdocs\basic_crud_app\read_posts.php on line 3
[24-May-2025 04:44:34 Europe/Berlin] PHP Notice:  session_start(): Ignoring session_start() because a session is already active in C:\xampp\htdocs\basic_crud_app\login.php on line 3
[24-May-2025 04:44:34 Europe/Berlin] PHP Notice:  session_start(): Ignoring session_start() because a session is already active in C:\xampp\htdocs\basic_crud_app\read_posts.php on line 3
[24-May-2025 04:44:43 Europe/Berlin] PHP Notice:  session_start(): Ignoring session_start() because a session is already active in C:\xampp\htdocs\basic_crud_app\login.php on line 3
[24-May-2025 04:44:43 Europe/Berlin] PHP Notice:  session_start(): Ignoring session_start() because a session is already active in C:\xampp\htdocs\basic_crud_app\read_posts.php on line 3
[24-May-2025 04:44:45 Europe/Berlin] PHP Notice:  session_start(): Ignoring session_start() because a session is already active in C:\xampp\htdocs\basic_crud_app\logout.php on line 6
[24-May-2025 04:44:45 Europe/Berlin] PHP Notice:  session_start(): Ignoring session_start() because a session is already active in C:\xampp\htdocs\basic_crud_app\login.php on line 3
[24-May-2025 04:45:01 Europe/Berlin] PHP Notice:  session_start(): Ignoring session_start() because a session is already active in C:\xampp\htdocs\basic_crud_app\login.php on line 3
[24-May-2025 04:45:02 Europe/Berlin] PHP Notice:  session_start(): Ignoring session_start() because a session is already active in C:\xampp\htdocs\basic_crud_app\read_posts.php on line 3
[24-May-2025 04:45:05 Europe/Berlin] PHP Notice:  session_start(): Ignoring session_start() because a session is already active in C:\xampp\htdocs\basic_crud_app\logout.php on line 6
[24-May-2025 04:45:05 Europe/Berlin] PHP Notice:  session_start(): Ignoring session_start() because a session is already active in C:\xampp\htdocs\basic_crud_app\login.php on line 3
[24-May-2025 04:45:21 Europe/Berlin] PHP Notice:  session_start(): Ignoring session_start() because a session is already active in C:\xampp\htdocs\basic_crud_app\login.php on line 3
[24-May-2025 04:45:21 Europe/Berlin] PHP Notice:  session_start(): Ignoring session_start() because a session is already active in C:\xampp\htdocs\basic_crud_app\read_posts.php on line 3
[24-May-2025 04:45:26 Europe/Berlin] PHP Notice:  session_start(): Ignoring session_start() because a session is already active in C:\xampp\htdocs\basic_crud_app\create_post.php on line 3
[24-May-2025 04:47:01 Europe/Berlin] PHP Notice:  session_start(): Ignoring session_start() because a session is already active in C:\xampp\htdocs\basic_crud_app\create_post.php on line 3
[24-May-2025 04:47:02 Europe/Berlin] PHP Notice:  session_start(): Ignoring session_start() because a session is already active in C:\xampp\htdocs\basic_crud_app\read_posts.php on line 3
[24-May-2025 04:47:08 Europe/Berlin] PHP Notice:  session_start(): Ignoring session_start() because a session is already active in C:\xampp\htdocs\basic_crud_app\create_post.php on line 3
[24-May-2025 04:48:14 Europe/Berlin] PHP Notice:  session_start(): Ignoring session_start() because a session is already active in C:\xampp\htdocs\basic_crud_app\create_post.php on line 3
[24-May-2025 04:48:18 Europe/Berlin] PHP Notice:  session_start(): Ignoring session_start() because a session is already active in C:\xampp\htdocs\basic_crud_app\read_posts.php on line 3
[24-May-2025 04:48:22 Europe/Berlin] PHP Notice:  session_start(): Ignoring session_start() because a session is already active in C:\xampp\htdocs\basic_crud_app\create_post.php on line 3
[24-May-2025 04:49:29 Europe/Berlin] PHP Notice:  session_start(): Ignoring session_start() because a session is already active in C:\xampp\htdocs\basic_crud_app\create_post.php on line 3
[24-May-2025 04:49:31 Europe/Berlin] PHP Notice:  session_start(): Ignoring session_start() because a session is already active in C:\xampp\htdocs\basic_crud_app\read_posts.php on line 3
[24-May-2025 04:49:35 Europe/Berlin] PHP Notice:  session_start(): Ignoring session_start() because a session is already active in C:\xampp\htdocs\basic_crud_app\logout.php on line 6
[24-May-2025 04:49:35 Europe/Berlin] PHP Notice:  session_start(): Ignoring session_start() because a session is already active in C:\xampp\htdocs\basic_crud_app\login.php on line 3
[24-May-2025 04:49:46 Europe/Berlin] PHP Notice:  session_start(): Ignoring session_start() because a session is already active in C:\xampp\htdocs\basic_crud_app\login.php on line 3
[24-May-2025 04:49:46 Europe/Berlin] PHP Notice:  session_start(): Ignoring session_start() because a session is already active in C:\xampp\htdocs\basic_crud_app\read_posts.php on line 3
[24-May-2025 04:49:52 Europe/Berlin] PHP Notice:  session_start(): Ignoring session_start() because a session is already active in C:\xampp\htdocs\basic_crud_app\read_posts.php on line 3
[24-May-2025 04:50:06 Europe/Berlin] PHP Notice:  session_start(): Ignoring session_start() because a session is already active in C:\xampp\htdocs\basic_crud_app\read_posts.php on line 3
[24-May-2025 04:50:19 Europe/Berlin] PHP Notice:  session_start(): Ignoring session_start() because a session is already active in C:\xampp\htdocs\basic_crud_app\logout.php on line 6
[24-May-2025 04:50:19 Europe/Berlin] PHP Notice:  session_start(): Ignoring session_start() because a session is already active in C:\xampp\htdocs\basic_crud_app\login.php on line 3
